[   941.026] 
X.Org X Server 1.21.1.11
X Protocol Version 11, Revision 0
[   941.029] Current Operating System: Linux linuxhost 6.8.0-57-generic #59-Ubuntu SMP PREEMPT_DYNAMIC Sat Mar 15 17:40:59 UTC 2025 x86_64
[   941.029] Kernel command line: BOOT_IMAGE=/vmlinuz-6.8.0-57-generic root=/dev/mapper/ubuntu--vg-ubuntu--lv ro
[   941.032] xorg-server 2:21.1.12-1ubuntu1.3 (For technical support please see http://www.ubuntu.com/support) 
[   941.033] Current version of pixman: 0.42.2
[   941.035] 	Before reporting problems, check http://wiki.x.org
	to make sure that you have the latest version.
[   941.035] Markers: (--) probed, (**) from config file, (==) default setting,
	(++) from command line, (!!) notice, (II) informational,
	(WW) warning, (EE) error, (NI) not implemented, (??) unknown.
[   941.040] (==) Log file: "/home/trung/.local/share/xorg/Xorg.0.log", Time: Sun Apr 13 00:42:47 2025
[   941.041] (==) Using system config directory "/usr/share/X11/xorg.conf.d"
[   941.041] (==) No Layout section.  Using the first Screen section.
[   941.041] (==) No screen section available. Using defaults.
[   941.041] (**) |-->Screen "Default Screen Section" (0)
[   941.041] (**) |   |-->Monitor "<default monitor>"
[   941.042] (==) No monitor specified for screen "Default Screen Section".
	Using a default monitor configuration.
[   941.042] (**) Allowing byte-swapped clients
[   941.042] (==) Automatically adding devices
[   941.042] (==) Automatically enabling devices
[   941.042] (==) Automatically adding GPU devices
[   941.042] (==) Automatically binding GPU devices
[   941.042] (==) Max clients allowed: 256, resource mask: 0x1fffff
[   941.042] (WW) The directory "/usr/share/fonts/X11/cyrillic" does not exist.
[   941.042] 	Entry deleted from font path.
[   941.042] (WW) The directory "/usr/share/fonts/X11/100dpi/" does not exist.
[   941.042] 	Entry deleted from font path.
[   941.042] (WW) The directory "/usr/share/fonts/X11/75dpi/" does not exist.
[   941.042] 	Entry deleted from font path.
[   941.042] (WW) The directory "/usr/share/fonts/X11/100dpi" does not exist.
[   941.042] 	Entry deleted from font path.
[   941.042] (WW) The directory "/usr/share/fonts/X11/75dpi" does not exist.
[   941.042] 	Entry deleted from font path.
[   941.042] (==) FontPath set to:
	/usr/share/fonts/X11/misc,
	/usr/share/fonts/X11/Type1,
	built-ins
[   941.042] (==) ModulePath set to "/usr/lib/xorg/modules"
[   941.042] (II) The server relies on udev to provide the list of input devices.
	If no devices become available, reconfigure udev or disable AutoAddDevices.
[   941.042] (II) Loader magic: 0x5762bf4d8020
[   941.042] (II) Module ABI versions:
[   941.042] 	X.Org ANSI C Emulation: 0.4
[   941.042] 	X.Org Video Driver: 25.2
[   941.042] 	X.Org XInput driver : 24.4
[   941.042] 	X.Org Server Extension : 10.0
[   941.042] (++) using VT number 1

[   941.043] (II) systemd-logind: took control of session /org/freedesktop/login1/session/_36
[   941.044] (II) xfree86: Adding drm device (/dev/dri/card0)
[   941.044] (II) Platform probe for /sys/devices/pci0000:00/0000:00:01.0/0000:01:00.0/drm/card0
[   941.045] (II) systemd-logind: got fd for /dev/dri/card0 226:0 fd 13 paused 0
[   941.046] (--) PCI:*(1@0:0:0) 10de:1c81:1043:85d2 rev 161, Mem @ 0xa0000000/16777216, 0x4000000000/268435456, 0x4010000000/33554432, I/O @ 0x00003000/128, BIOS @ 0x????????/131072
[   941.046] (II) LoadModule: "glx"
[   941.046] (II) Loading /usr/lib/xorg/modules/extensions/libglx.so
[   941.046] (II) Module glx: vendor="X.Org Foundation"
[   941.046] 	compiled for 1.21.1.11, module version = 1.0.0
[   941.046] 	ABI class: X.Org Server Extension, version 10.0
[   941.497] (==) Matched modesetting as autoconfigured driver 0
[   941.497] (==) Matched fbdev as autoconfigured driver 1
[   941.497] (==) Matched vesa as autoconfigured driver 2
[   941.497] (==) Assigned the driver to the xf86ConfigLayout
[   941.497] (II) LoadModule: "modesetting"
[   941.497] (II) Loading /usr/lib/xorg/modules/drivers/modesetting_drv.so
[   941.497] (II) Module modesetting: vendor="X.Org Foundation"
[   941.497] 	compiled for 1.21.1.11, module version = 1.21.1
[   941.497] 	Module class: X.Org Video Driver
[   941.497] 	ABI class: X.Org Video Driver, version 25.2
[   941.497] (II) LoadModule: "fbdev"
[   941.497] (II) Loading /usr/lib/xorg/modules/drivers/fbdev_drv.so
[   941.497] (II) Module fbdev: vendor="X.Org Foundation"
[   941.497] 	compiled for 1.21.1.11, module version = 0.5.0
[   941.497] 	Module class: X.Org Video Driver
[   941.497] 	ABI class: X.Org Video Driver, version 25.2
[   941.497] (II) LoadModule: "vesa"
[   941.497] (II) Loading /usr/lib/xorg/modules/drivers/vesa_drv.so
[   941.497] (II) Module vesa: vendor="X.Org Foundation"
[   941.497] 	compiled for 1.21.1.7, module version = 2.6.0
[   941.497] 	Module class: X.Org Video Driver
[   941.497] 	ABI class: X.Org Video Driver, version 25.2
[   941.497] (II) modesetting: Driver for Modesetting Kernel Drivers: kms
[   941.497] (II) FBDEV: driver for framebuffer: fbdev
[   941.497] (II) VESA: driver for VESA chipsets: vesa
[   941.497] xf86EnableIO: failed to enable I/O ports 0000-03ff (Operation not permitted)
[   941.497] (II) modeset(0): using drv /dev/dri/card0
[   941.497] (WW) Falling back to old probe method for fbdev
[   941.497] (II) Loading sub module "fbdevhw"
[   941.497] (II) LoadModule: "fbdevhw"
[   941.497] (II) Loading /usr/lib/xorg/modules/libfbdevhw.so
[   941.498] (II) Module fbdevhw: vendor="X.Org Foundation"
[   941.498] 	compiled for 1.21.1.11, module version = 0.0.2
[   941.498] 	ABI class: X.Org Video Driver, version 25.2
[   941.498] (WW) VGA arbiter: cannot open kernel arbiter, no multi-card support
[   941.498] (II) modeset(0): Creating default Display subsection in Screen section
	"Default Screen Section" for depth/fbbpp 24/32
[   941.498] (==) modeset(0): Depth 24, (==) framebuffer bpp 32
[   941.498] (==) modeset(0): RGB weight 888
[   941.498] (==) modeset(0): Default visual is TrueColor
[   941.498] (II) Loading sub module "glamoregl"
[   941.498] (II) LoadModule: "glamoregl"
[   941.498] (II) Loading /usr/lib/xorg/modules/libglamoregl.so
[   941.512] (II) Module glamoregl: vendor="X.Org Foundation"
[   941.512] 	compiled for 1.21.1.11, module version = 1.0.1
[   941.512] 	ABI class: X.Org ANSI C Emulation, version 0.4
[   941.595] (II) modeset(0): glamor X acceleration enabled on NV137
[   941.595] (II) modeset(0): glamor initialized
[   941.595] (==) modeset(0): VariableRefresh: disabled
[   941.595] (==) modeset(0): AsyncFlipSecondaries: disabled
[   941.596] (II) modeset(0): Output DVI-D-1 has no monitor section
[   941.665] (II) modeset(0): Output HDMI-1 has no monitor section
[   941.665] (II) modeset(0): Output DP-1 has no monitor section
[   941.665] (II) modeset(0): EDID for output DVI-D-1
[   941.734] (II) modeset(0): EDID for output HDMI-1
[   941.734] (II) modeset(0): Manufacturer: VSC  Model: d3a  Serial#: 16843009
[   941.734] (II) modeset(0): Year: 2022  Week: 24
[   941.734] (II) modeset(0): EDID Version: 1.3
[   941.734] (II) modeset(0): Digital Display Input
[   941.734] (II) modeset(0): Max Image Size [cm]: horiz.: 60  vert.: 34
[   941.734] (II) modeset(0): Gamma: 2.20
[   941.734] (II) modeset(0): DPMS capabilities: Off
[   941.734] (II) modeset(0): Supported color encodings: RGB 4:4:4 YCrCb 4:4:4 
[   941.734] (II) modeset(0): Default color space is primary color space
[   941.734] (II) modeset(0): First detailed timing is preferred mode
[   941.734] (II) modeset(0): redX: 0.640 redY: 0.340   greenX: 0.296 greenY: 0.622
[   941.734] (II) modeset(0): blueX: 0.152 blueY: 0.053   whiteX: 0.313 whiteY: 0.329
[   941.734] (II) modeset(0): Supported established timings:
[   941.734] (II) modeset(0): 720x400@70Hz
[   941.734] (II) modeset(0): 640x480@60Hz
[   941.734] (II) modeset(0): 640x480@67Hz
[   941.734] (II) modeset(0): 640x480@72Hz
[   941.734] (II) modeset(0): 640x480@75Hz
[   941.734] (II) modeset(0): 800x600@56Hz
[   941.734] (II) modeset(0): 800x600@60Hz
[   941.734] (II) modeset(0): 800x600@72Hz
[   941.734] (II) modeset(0): 800x600@75Hz
[   941.734] (II) modeset(0): 832x624@75Hz
[   941.734] (II) modeset(0): 1024x768@60Hz
[   941.734] (II) modeset(0): 1024x768@70Hz
[   941.734] (II) modeset(0): 1024x768@75Hz
[   941.734] (II) modeset(0): 1280x1024@75Hz
[   941.734] (II) modeset(0): 1152x864@75Hz
[   941.734] (II) modeset(0): Manufacturer's mask: 0
[   941.734] (II) modeset(0): Supported standard timings:
[   941.734] (II) modeset(0): #0: hsize: 1680  vsize 1050  refresh: 60  vid: 179
[   941.734] (II) modeset(0): #1: hsize: 1600  vsize 1200  refresh: 60  vid: 16553
[   941.734] (II) modeset(0): #2: hsize: 1600  vsize 900  refresh: 60  vid: 49321
[   941.734] (II) modeset(0): #3: hsize: 1440  vsize 900  refresh: 60  vid: 149
[   941.734] (II) modeset(0): #4: hsize: 1400  vsize 1050  refresh: 60  vid: 16528
[   941.734] (II) modeset(0): #5: hsize: 1280  vsize 1024  refresh: 60  vid: 32897
[   941.734] (II) modeset(0): #6: hsize: 1280  vsize 960  refresh: 60  vid: 16513
[   941.734] (II) modeset(0): #7: hsize: 1280  vsize 720  refresh: 60  vid: 49281
[   941.734] (II) modeset(0): Supported detailed timing:
[   941.734] (II) modeset(0): clock: 148.5 MHz   Image Size:  598 x 336 mm
[   941.734] (II) modeset(0): h_active: 1920  h_sync: 2008  h_sync_end 2052 h_blank_end 2200 h_border: 0
[   941.734] (II) modeset(0): v_active: 1080  v_sync: 1084  v_sync_end 1089 v_blanking: 1125 v_border: 0
[   941.734] (II) modeset(0): Serial No: W5P222420864
[   941.734] (II) modeset(0): Ranges: V min: 48 V max: 75 Hz, H min: 24 H max: 86 kHz, PixClock max 185 MHz
[   941.734] (II) modeset(0): Monitor name: VA2732-FHD
[   941.734] (II) modeset(0): Supported detailed timing:
[   941.734] (II) modeset(0): clock: 148.5 MHz   Image Size:  598 x 336 mm
[   941.734] (II) modeset(0): h_active: 1920  h_sync: 2008  h_sync_end 2052 h_blank_end 2200 h_border: 0
[   941.734] (II) modeset(0): v_active: 1080  v_sync: 1084  v_sync_end 1089 v_blanking: 1125 v_border: 0
[   941.734] (II) modeset(0): Supported detailed timing:
[   941.734] (II) modeset(0): clock: 74.2 MHz   Image Size:  598 x 336 mm
[   941.734] (II) modeset(0): h_active: 1920  h_sync: 2008  h_sync_end 2052 h_blank_end 2200 h_border: 0
[   941.734] (II) modeset(0): v_active: 540  v_sync: 542  v_sync_end 547 v_blanking: 562 v_border: 0
[   941.734] (II) modeset(0): Supported detailed timing:
[   941.734] (II) modeset(0): clock: 74.2 MHz   Image Size:  598 x 336 mm
[   941.734] (II) modeset(0): h_active: 1280  h_sync: 1390  h_sync_end 1430 h_blank_end 1650 h_border: 0
[   941.734] (II) modeset(0): v_active: 720  v_sync: 725  v_sync_end 730 v_blanking: 750 v_border: 0
[   941.734] (II) modeset(0): Supported detailed timing:
[   941.734] (II) modeset(0): clock: 174.5 MHz   Image Size:  598 x 336 mm
[   941.734] (II) modeset(0): h_active: 1920  h_sync: 1968  h_sync_end 2000 h_blank_end 2080 h_border: 0
[   941.734] (II) modeset(0): v_active: 1080  v_sync: 1083  v_sync_end 1088 v_blanking: 1119 v_border: 0
[   941.734] (II) modeset(0): Number of EDID sections to follow: 1
[   941.734] (II) modeset(0): EDID (in hex):
[   941.734] (II) modeset(0): 	00ffffffffffff005a633a0d01010101
[   941.734] (II) modeset(0): 	18200103803c22782ecd25a3574b9f27
[   941.734] (II) modeset(0): 	0d5054bfef80b300a940a9c095009040
[   941.734] (II) modeset(0): 	8180814081c0023a801871382d40582c
[   941.734] (II) modeset(0): 	450056502100001e000000ff00573550
[   941.734] (II) modeset(0): 	3232323432303836340a000000fd0030
[   941.734] (II) modeset(0): 	4b185612000a202020202020000000fc
[   941.734] (II) modeset(0): 	005641323733322d4648440a2020013d
[   941.734] (II) modeset(0): 	020329f14d9005040302121113141e1d
[   941.734] (II) modeset(0): 	1f0123097f078301000065030c001000
[   941.734] (II) modeset(0): 	681a00000101304be6023a801871382d
[   941.734] (II) modeset(0): 	40582c450056502100001e011d801871
[   941.734] (II) modeset(0): 	1c1620582c250056502100009e011d00
[   941.734] (II) modeset(0): 	7251d01e206e28550056502100001e2a
[   941.734] (II) modeset(0): 	4480a070382740302035005650210000
[   941.734] (II) modeset(0): 	1a0000000000000000000000000000d1
[   941.735] (II) modeset(0): Printing probed modes for output HDMI-1
[   941.735] (II) modeset(0): Modeline "1920x1080"x60.0  148.50  1920 2008 2052 2200  1080 1084 1089 1125 +hsync +vsync (67.5 kHz eP)
[   941.735] (II) modeset(0): Modeline "1920x1200"x60.0  154.13  1920 1968 2000 2080  1200 1203 1209 1235 +hsync -vsync (74.1 kHz d)
[   941.735] (II) modeset(0): Modeline "1920x1080"x75.0  174.50  1920 1968 2000 2080  1080 1083 1088 1119 +hsync -vsync (83.9 kHz e)
[   941.735] (II) modeset(0): Modeline "1920x1080"x50.0  148.50  1920 2448 2492 2640  1080 1084 1089 1125 +hsync +vsync (56.2 kHz e)
[   941.735] (II) modeset(0): Modeline "1920x1080"x59.9  148.35  1920 2008 2052 2200  1080 1084 1089 1125 +hsync +vsync (67.4 kHz e)
[   941.735] (II) modeset(0): Modeline "1920x1080"x60.0  138.65  1920 1968 2000 2080  1080 1083 1088 1111 +hsync -vsync (66.7 kHz d)
[   941.735] (II) modeset(0): Modeline "1920x1080i"x60.0   74.25  1920 2008 2052 2200  1080 1084 1094 1125 interlace +hsync +vsync (33.8 kHz e)
[   941.735] (II) modeset(0): Modeline "1920x1080i"x50.0   74.25  1920 2448 2492 2640  1080 1084 1094 1125 interlace +hsync +vsync (28.1 kHz e)
[   941.735] (II) modeset(0): Modeline "1920x1080i"x59.9   74.18  1920 2008 2052 2200  1080 1084 1094 1125 interlace +hsync +vsync (33.7 kHz e)
[   941.735] (II) modeset(0): Modeline "1600x1200"x60.0  162.00  1600 1664 1856 2160  1200 1201 1204 1250 +hsync +vsync (75.0 kHz e)
[   941.735] (II) modeset(0): Modeline "1680x1050"x60.0  119.23  1680 1728 1760 1840  1050 1053 1059 1080 +hsync -vsync (64.8 kHz d)
[   941.735] (II) modeset(0): Modeline "1680x1050"x59.9  119.00  1680 1728 1760 1840  1050 1053 1059 1080 +hsync -vsync (64.7 kHz e)
[   941.735] (II) modeset(0): Modeline "1400x1050"x60.0  122.05  1400 1488 1640 1880  1050 1052 1064 1082 +hsync +vsync (64.9 kHz d)
[   941.735] (II) modeset(0): Modeline "1400x1050"x59.9  101.00  1400 1448 1480 1560  1050 1053 1057 1080 +hsync -vsync (64.7 kHz e)
[   941.735] (II) modeset(0): Modeline "1600x900"x60.0  108.00  1600 1624 1704 1800  900 901 904 1000 +hsync +vsync (60.0 kHz e)
[   941.735] (II) modeset(0): Modeline "1600x900"x60.0   97.78  1600 1648 1680 1760  900 903 908 926 +hsync -vsync (55.6 kHz d)
[   941.735] (II) modeset(0): Modeline "1280x1024"x75.0  135.00  1280 1296 1440 1688  1024 1025 1028 1066 +hsync +vsync (80.0 kHz e)
[   941.735] (II) modeset(0): Modeline "1280x1024"x60.0  108.00  1280 1328 1440 1688  1024 1025 1028 1066 +hsync +vsync (64.0 kHz e)
[   941.735] (II) modeset(0): Modeline "1280x1024"x60.0  107.96  1280 1328 1440 1688  1024 1025 1028 1066 +hsync +vsync (64.0 kHz d)
[   941.735] (II) modeset(0): Modeline "1440x900"x59.9   88.75  1440 1488 1520 1600  900 903 909 926 +hsync -vsync (55.5 kHz e)
[   941.735] (II) modeset(0): Modeline "1400x900"x60.0   86.67  1400 1448 1480 1560  900 903 913 926 +hsync -vsync (55.6 kHz d)
[   941.735] (II) modeset(0): Modeline "1280x960"x60.0  108.00  1280 1376 1488 1800  960 961 964 1000 +hsync +vsync (60.0 kHz e)
[   941.735] (II) modeset(0): Modeline "1440x810"x60.0  151.94  1440 1464 1480 1520  810 811 814 833 doublescan +hsync -vsync (100.0 kHz d)
[   941.735] (II) modeset(0): Modeline "1368x768"x60.0   72.43  1368 1416 1448 1528  768 771 781 790 +hsync -vsync (47.4 kHz d)
[   941.735] (II) modeset(0): Modeline "1280x800"x60.0   71.11  1280 1328 1360 1440  800 803 809 823 +hsync -vsync (49.4 kHz d)
[   941.735] (II) modeset(0): Modeline "1152x864"x75.0  108.00  1152 1216 1344 1600  864 865 868 900 +hsync +vsync (67.5 kHz e)
[   941.735] (II) modeset(0): Modeline "1152x864"x60.0   86.40  1152 1216 1344 1600  864 865 868 900 +hsync +vsync (54.0 kHz d)
[   941.735] (II) modeset(0): Modeline "1280x720"x60.0   74.25  1280 1390 1430 1650  720 725 730 750 +hsync +vsync (45.0 kHz e)
[   941.735] (II) modeset(0): Modeline "1280x720"x50.0   74.25  1280 1720 1760 1980  720 725 730 750 +hsync +vsync (37.5 kHz e)
[   941.735] (II) modeset(0): Modeline "1280x720"x59.9   74.18  1280 1390 1430 1650  720 725 730 750 +hsync +vsync (45.0 kHz e)
[   941.735] (II) modeset(0): Modeline "1280x720"x60.0   64.02  1280 1328 1360 1440  720 723 728 741 +hsync -vsync (44.5 kHz d)
[   941.735] (II) modeset(0): Modeline "1440x576"x50.0   54.00  1440 1464 1592 1728  576 581 586 625 -hsync -vsync (31.2 kHz e)
[   941.735] (II) modeset(0): Modeline "1024x768"x75.0   78.75  1024 1040 1136 1312  768 769 772 800 +hsync +vsync (60.0 kHz e)
[   941.735] (II) modeset(0): Modeline "1024x768"x70.1   75.00  1024 1048 1184 1328  768 771 777 806 -hsync -vsync (56.5 kHz e)
[   941.735] (II) modeset(0): Modeline "1024x768"x60.0   65.00  1024 1048 1184 1344  768 771 777 806 -hsync -vsync (48.4 kHz e)
[   941.735] (II) modeset(0): Modeline "1024x768"x60.0   65.00  1024 1048 1184 1344  768 771 777 806 -hsync -vsync (48.4 kHz d)
[   941.735] (II) modeset(0): Modeline "960x720"x60.0  117.00  960 1024 1128 1300  720 720 722 750 doublescan -hsync +vsync (90.0 kHz d)
[   941.735] (II) modeset(0): Modeline "928x696"x60.0  109.06  928 976 1088 1264  696 696 698 719 doublescan -hsync +vsync (86.3 kHz d)
[   941.735] (II) modeset(0): Modeline "896x672"x60.0  102.38  896 960 1060 1224  672 672 674 697 doublescan -hsync +vsync (83.6 kHz d)
[   941.735] (II) modeset(0): Modeline "1024x576"x60.0   42.13  1024 1072 1104 1184  576 579 584 593 +hsync -vsync (35.6 kHz d)
[   941.735] (II) modeset(0): Modeline "960x600"x60.0   77.00  960 984 1000 1040  600 601 604 617 doublescan +hsync -vsync (74.0 kHz d)
[   941.735] (II) modeset(0): Modeline "832x624"x74.6   57.28  832 864 928 1152  624 625 628 667 -hsync -vsync (49.7 kHz e)
[   941.735] (II) modeset(0): Modeline "832x624"x60.0   46.10  832 864 928 1152  624 625 628 667 -hsync -vsync (40.0 kHz d)
[   941.735] (II) modeset(0): Modeline "960x540"x60.0   37.36  960 1008 1040 1120  540 543 548 556 +hsync -vsync (33.4 kHz d)
[   941.735] (II) modeset(0): Modeline "800x600"x72.2   50.00  800 856 976 1040  600 637 643 666 +hsync +vsync (48.1 kHz e)
[   941.735] (II) modeset(0): Modeline "800x600"x75.0   49.50  800 816 896 1056  600 601 604 625 +hsync +vsync (46.9 kHz e)
[   941.735] (II) modeset(0): Modeline "800x600"x60.3   40.00  800 840 968 1056  600 601 605 628 +hsync +vsync (37.9 kHz e)
[   941.735] (II) modeset(0): Modeline "800x600"x60.0   38.40  800 824 896 1024  600 601 603 625 +hsync +vsync (37.5 kHz d)
[   941.735] (II) modeset(0): Modeline "800x600"x56.2   36.00  800 824 896 1024  600 601 603 625 +hsync +vsync (35.2 kHz e)
[   941.735] (II) modeset(0): Modeline "840x525"x60.0   59.62  840 864 880 920  525 526 529 540 doublescan +hsync -vsync (64.8 kHz d)
[   941.735] (II) modeset(0): Modeline "864x486"x60.0   30.72  864 912 944 1024  486 489 494 500 +hsync -vsync (30.0 kHz d)
[   941.735] (II) modeset(0): Modeline "720x576"x50.0   27.00  720 732 796 864  576 581 586 625 -hsync -vsync (31.2 kHz e)
[   941.735] (II) modeset(0): Modeline "700x525"x60.0   61.02  700 744 820 940  525 526 532 541 doublescan +hsync +vsync (64.9 kHz d)
[   941.735] (II) modeset(0): Modeline "800x450"x60.0   48.89  800 824 840 880  450 451 454 463 doublescan +hsync -vsync (55.6 kHz d)
[   941.735] (II) modeset(0): Modeline "720x480"x60.0   27.03  720 736 798 858  480 489 495 525 -hsync -vsync (31.5 kHz e)
[   941.735] (II) modeset(0): Modeline "720x480"x59.9   27.00  720 736 798 858  480 489 495 525 -hsync -vsync (31.5 kHz e)
[   941.735] (II) modeset(0): Modeline "640x512"x60.0   53.98  640 664 720 844  512 512 514 533 doublescan +hsync +vsync (64.0 kHz d)
[   941.735] (II) modeset(0): Modeline "700x450"x60.0   43.34  700 724 740 780  450 451 456 463 doublescan +hsync -vsync (55.6 kHz d)
[   941.735] (II) modeset(0): Modeline "640x480"x75.0   31.50  640 656 720 840  480 481 484 500 -hsync -vsync (37.5 kHz e)
[   941.735] (II) modeset(0): Modeline "640x480"x72.8   31.50  640 664 704 832  480 489 492 520 -hsync -vsync (37.9 kHz e)
[   941.735] (II) modeset(0): Modeline "640x480"x66.7   30.24  640 704 768 864  480 483 486 525 -hsync -vsync (35.0 kHz e)
[   941.735] (II) modeset(0): Modeline "640x480"x60.0   25.20  640 656 752 800  480 490 492 525 -hsync -vsync (31.5 kHz e)
[   941.735] (II) modeset(0): Modeline "640x480"x59.9   25.18  640 656 752 800  480 490 492 525 -hsync -vsync (31.5 kHz e)
[   941.735] (II) modeset(0): Modeline "720x405"x60.0   22.12  720 768 800 880  405 408 413 419 +hsync -vsync (25.1 kHz d)
[   941.735] (II) modeset(0): Modeline "720x400"x70.1   28.32  720 738 846 900  400 412 414 449 -hsync +vsync (31.5 kHz e)
[   941.735] (II) modeset(0): Modeline "684x384"x60.0   36.21  684 708 724 764  384 385 390 395 doublescan +hsync -vsync (47.4 kHz d)
[   941.735] (II) modeset(0): Modeline "576x432"x60.0   43.20  576 608 672 800  432 432 434 450 doublescan +hsync +vsync (54.0 kHz d)
[   941.735] (II) modeset(0): Modeline "640x360"x60.0   17.95  640 688 720 800  360 363 368 374 +hsync -vsync (22.4 kHz d)
[   941.735] (II) modeset(0): Modeline "512x384"x60.0   32.50  512 524 592 672  384 385 388 403 doublescan -hsync -vsync (48.4 kHz d)
[   941.735] (II) modeset(0): Modeline "512x288"x60.0   21.03  512 536 552 592  288 289 292 296 doublescan +hsync -vsync (35.5 kHz d)
[   941.735] (II) modeset(0): Modeline "416x312"x60.0   23.02  416 432 464 576  312 312 314 333 doublescan -hsync -vsync (40.0 kHz d)
[   941.735] (II) modeset(0): Modeline "480x270"x60.0   18.68  480 504 520 560  270 271 274 278 doublescan +hsync -vsync (33.4 kHz d)
[   941.735] (II) modeset(0): Modeline "400x300"x60.0   19.17  400 412 448 512  300 300 301 312 doublescan +hsync +vsync (37.4 kHz d)
[   941.735] (II) modeset(0): Modeline "432x243"x60.0   15.36  432 456 472 512  243 244 247 250 doublescan +hsync -vsync (30.0 kHz d)
[   941.735] (II) modeset(0): Modeline "320x240"x60.0   12.58  320 328 376 400  240 245 246 262 doublescan -hsync -vsync (31.4 kHz d)
[   941.735] (II) modeset(0): Modeline "360x202"x60.0   11.04  360 384 400 440  202 204 206 209 doublescan +hsync -vsync (25.1 kHz d)
[   941.735] (II) modeset(0): Modeline "320x180"x60.0    8.98  320 344 360 400  180 181 184 187 doublescan +hsync -vsync (22.4 kHz d)
[   941.735] (II) modeset(0): EDID for output DP-1
[   941.735] (II) modeset(0): Output DVI-D-1 disconnected
[   941.735] (II) modeset(0): Output HDMI-1 connected
[   941.735] (II) modeset(0): Output DP-1 disconnected
[   941.735] (II) modeset(0): Using exact sizes for initial modes
[   941.735] (II) modeset(0): Output HDMI-1 using initial mode 1920x1080 +0+0
[   941.735] (==) modeset(0): Using gamma correction (1.0, 1.0, 1.0)
[   941.735] (==) modeset(0): DPI set to (96, 96)
[   941.735] (II) Loading sub module "fb"
[   941.735] (II) LoadModule: "fb"
[   941.735] (II) Module "fb" already built-in
[   941.735] (II) UnloadModule: "fbdev"
[   941.735] (II) Unloading fbdev
[   941.735] (II) UnloadSubModule: "fbdevhw"
[   941.735] (II) Unloading fbdevhw
[   941.735] (II) UnloadModule: "vesa"
[   941.735] (II) Unloading vesa
[   941.741] (==) modeset(0): Backing store enabled
[   941.741] (==) modeset(0): Silken mouse enabled
[   941.756] (II) modeset(0): Initializing kms color map for depth 24, 8 bpc.
[   941.756] (==) modeset(0): DPMS enabled
[   941.757] (II) modeset(0): [DRI2] Setup complete
[   941.757] (II) modeset(0): [DRI2]   DRI driver: nouveau
[   941.757] (II) modeset(0): [DRI2]   VDPAU driver: nouveau
[   941.757] (II) Initializing extension Generic Event Extension
[   941.757] (II) Initializing extension SHAPE
[   941.757] (II) Initializing extension MIT-SHM
[   941.757] (II) Initializing extension XInputExtension
[   941.757] (II) Initializing extension XTEST
[   941.757] (II) Initializing extension BIG-REQUESTS
[   941.757] (II) Initializing extension SYNC
[   941.757] (II) Initializing extension XKEYBOARD
[   941.757] (II) Initializing extension XC-MISC
[   941.757] (II) Initializing extension SECURITY
[   941.757] (II) Initializing extension XFIXES
[   941.757] (II) Initializing extension RENDER
[   941.757] (II) Initializing extension RANDR
[   941.757] (II) Initializing extension COMPOSITE
[   941.757] (II) Initializing extension DAMAGE
[   941.757] (II) Initializing extension MIT-SCREEN-SAVER
[   941.758] (II) Initializing extension DOUBLE-BUFFER
[   941.758] (II) Initializing extension RECORD
[   941.758] (II) Initializing extension DPMS
[   941.758] (II) Initializing extension Present
[   941.758] (II) Initializing extension DRI3
[   941.758] (II) Initializing extension X-Resource
[   941.758] (II) Initializing extension XVideo
[   941.758] (II) Initializing extension XVideo-MotionCompensation
[   941.758] (II) Initializing extension SELinux
[   941.758] (II) SELinux: Disabled on system
[   941.758] (II) Initializing extension GLX
[   941.763] (II) AIGLX: Loaded and initialized nouveau
[   941.763] (II) GLX: Initialized DRI2 GL provider for screen 0
[   941.763] (II) Initializing extension XFree86-VidModeExtension
[   941.763] (II) Initializing extension XFree86-DGA
[   941.764] (II) Initializing extension XFree86-DRI
[   941.764] (II) Initializing extension DRI2
[   941.764] (II) modeset(0): Damage tracking initialized
[   941.764] (II) modeset(0): Setting screen physical size to 508 x 285
[   941.790] (II) config/udev: Adding input device Power Button (/dev/input/event2)
[   941.790] (**) Power Button: Applying InputClass "libinput keyboard catchall"
[   941.790] (II) LoadModule: "libinput"
[   941.790] (II) Loading /usr/lib/xorg/modules/input/libinput_drv.so
[   941.790] (II) Module libinput: vendor="X.Org Foundation"
[   941.791] 	compiled for 1.21.1.11, module version = 1.4.0
[   941.791] 	Module class: X.Org XInput Driver
[   941.791] 	ABI class: X.Org XInput driver, version 24.4
[   941.791] (II) Using input driver 'libinput' for 'Power Button'
[   941.791] (II) systemd-logind: got fd for /dev/input/event2 13:66 fd 24 paused 0
[   941.791] (**) Power Button: always reports core events
[   941.791] (**) Option "Device" "/dev/input/event2"
[   941.792] (II) event2  - Power Button: is tagged by udev as: Keyboard
[   941.792] (II) event2  - Power Button: device is a keyboard
[   941.792] (II) event2  - Power Button: device removed
[   941.792] (**) Option "config_info" "udev:/sys/devices/LNXSYSTM:00/LNXPWRBN:00/input/input2/event2"
[   941.792] (II) XINPUT: Adding extended input device "Power Button" (type: KEYBOARD, id 6)
[   941.792] (**) Option "xkb_model" "pc105"
[   941.792] (**) Option "xkb_layout" "us"
[   941.793] (II) event2  - Power Button: is tagged by udev as: Keyboard
[   941.793] (II) event2  - Power Button: device is a keyboard
[   941.793] (II) config/udev: Adding input device Power Button (/dev/input/event1)
[   941.793] (**) Power Button: Applying InputClass "libinput keyboard catchall"
[   941.793] (II) Using input driver 'libinput' for 'Power Button'
[   941.794] (II) systemd-logind: got fd for /dev/input/event1 13:65 fd 27 paused 0
[   941.794] (**) Power Button: always reports core events
[   941.794] (**) Option "Device" "/dev/input/event1"
[   941.794] (II) event1  - Power Button: is tagged by udev as: Keyboard
[   941.794] (II) event1  - Power Button: device is a keyboard
[   941.794] (II) event1  - Power Button: device removed
[   941.794] (**) Option "config_info" "udev:/sys/devices/LNXSYSTM:00/LNXSYBUS:00/PNP0C0C:00/input/input1/event1"
[   941.794] (II) XINPUT: Adding extended input device "Power Button" (type: KEYBOARD, id 7)
[   941.794] (**) Option "xkb_model" "pc105"
[   941.794] (**) Option "xkb_layout" "us"
[   941.795] (II) event1  - Power Button: is tagged by udev as: Keyboard
[   941.795] (II) event1  - Power Button: device is a keyboard
[   941.795] (II) config/udev: Adding input device Sleep Button (/dev/input/event0)
[   941.795] (**) Sleep Button: Applying InputClass "libinput keyboard catchall"
[   941.795] (II) Using input driver 'libinput' for 'Sleep Button'
[   941.795] (II) systemd-logind: got fd for /dev/input/event0 13:64 fd 28 paused 0
[   941.795] (**) Sleep Button: always reports core events
[   941.795] (**) Option "Device" "/dev/input/event0"
[   941.796] (II) event0  - Sleep Button: is tagged by udev as: Keyboard
[   941.796] (II) event0  - Sleep Button: device is a keyboard
[   941.796] (II) event0  - Sleep Button: device removed
[   941.796] (**) Option "config_info" "udev:/sys/devices/LNXSYSTM:00/LNXSYBUS:00/PNP0C0E:00/input/input0/event0"
[   941.796] (II) XINPUT: Adding extended input device "Sleep Button" (type: KEYBOARD, id 8)
[   941.796] (**) Option "xkb_model" "pc105"
[   941.796] (**) Option "xkb_layout" "us"
[   941.796] (II) event0  - Sleep Button: is tagged by udev as: Keyboard
[   941.796] (II) event0  - Sleep Button: device is a keyboard
[   941.797] (II) config/udev: Adding input device HDA NVidia HDMI/DP,pcm=8 (/dev/input/event10)
[   941.797] (II) No input driver specified, ignoring this device.
[   941.797] (II) This device may have been added with another device file.
[   941.797] (II) config/udev: Adding input device HDA NVidia HDMI/DP,pcm=9 (/dev/input/event11)
[   941.797] (II) No input driver specified, ignoring this device.
[   941.797] (II) This device may have been added with another device file.
[   941.797] (II) config/udev: Adding input device HDA NVidia HDMI/DP,pcm=3 (/dev/input/event8)
[   941.797] (II) No input driver specified, ignoring this device.
[   941.797] (II) This device may have been added with another device file.
[   941.797] (II) config/udev: Adding input device HDA NVidia HDMI/DP,pcm=7 (/dev/input/event9)
[   941.797] (II) No input driver specified, ignoring this device.
[   941.797] (II) This device may have been added with another device file.
[   941.798] (II) config/udev: Adding input device HS ZUOYA GMK70 (/dev/input/event3)
[   941.798] (**) HS ZUOYA GMK70: Applying InputClass "libinput pointer catchall"
[   941.798] (II) Using input driver 'libinput' for 'HS ZUOYA GMK70'
[   941.850] (II) systemd-logind: got fd for /dev/input/event3 13:67 fd 29 paused 0
[   941.850] (**) HS ZUOYA GMK70: always reports core events
[   941.850] (**) Option "Device" "/dev/input/event3"
[   941.855] (II) event3  - HS ZUOYA GMK70: is tagged by udev as: Mouse
[   941.855] (II) event3  - HS ZUOYA GMK70: device is a pointer
[   941.856] (II) event3  - HS ZUOYA GMK70: device removed
[   941.856] (II) libinput: HS ZUOYA GMK70: Step value 0 was provided, libinput Fallback acceleration function is used.
[   941.856] (II) libinput: HS ZUOYA GMK70: Step value 0 was provided, libinput Fallback acceleration function is used.
[   941.856] (II) libinput: HS ZUOYA GMK70: Step value 0 was provided, libinput Fallback acceleration function is used.
[   941.856] (**) Option "config_info" "udev:/sys/devices/pci0000:00/0000:00:14.0/usb1/1-4/1-4.2/1-4.2:1.0/0003:342D:E491.0001/input/input3/event3"
[   941.856] (II) XINPUT: Adding extended input device "HS ZUOYA GMK70" (type: MOUSE, id 9)
[   941.856] (**) Option "AccelerationScheme" "none"
[   941.856] (**) HS ZUOYA GMK70: (accel) selected scheme none/0
[   941.856] (**) HS ZUOYA GMK70: (accel) acceleration factor: 2.000
[   941.856] (**) HS ZUOYA GMK70: (accel) acceleration threshold: 4
[   941.861] (II) event3  - HS ZUOYA GMK70: is tagged by udev as: Mouse
[   941.861] (II) event3  - HS ZUOYA GMK70: device is a pointer
[   941.864] (II) config/udev: Adding input device HS ZUOYA GMK70 (/dev/input/mouse0)
[   941.864] (II) No input driver specified, ignoring this device.
[   941.864] (II) This device may have been added with another device file.
[   941.866] (II) config/udev: Adding input device HS ZUOYA GMK70 (/dev/input/event4)
[   941.866] (**) HS ZUOYA GMK70: Applying InputClass "libinput keyboard catchall"
[   941.866] (II) Using input driver 'libinput' for 'HS ZUOYA GMK70'
[   941.868] (II) systemd-logind: got fd for /dev/input/event4 13:68 fd 30 paused 0
[   941.868] (**) HS ZUOYA GMK70: always reports core events
[   941.868] (**) Option "Device" "/dev/input/event4"
[   941.872] (II) event4  - HS ZUOYA GMK70: is tagged by udev as: Keyboard
[   941.872] (II) event4  - HS ZUOYA GMK70: device is a keyboard
[   941.873] (II) event4  - HS ZUOYA GMK70: device removed
[   941.873] (**) Option "config_info" "udev:/sys/devices/pci0000:00/0000:00:14.0/usb1/1-4/1-4.2/1-4.2:1.2/0003:342D:E491.0003/input/input4/event4"
[   941.873] (II) XINPUT: Adding extended input device "HS ZUOYA GMK70" (type: KEYBOARD, id 10)
[   941.873] (**) Option "xkb_model" "pc105"
[   941.873] (**) Option "xkb_layout" "us"
[   941.878] (II) event4  - HS ZUOYA GMK70: is tagged by udev as: Keyboard
[   941.878] (II) event4  - HS ZUOYA GMK70: device is a keyboard
[   941.881] (II) config/udev: Adding input device HS ZUOYA GMK70 Keyboard (/dev/input/event5)
[   941.881] (**) HS ZUOYA GMK70 Keyboard: Applying InputClass "libinput keyboard catchall"
[   941.881] (II) Using input driver 'libinput' for 'HS ZUOYA GMK70 Keyboard'
[   941.882] (II) systemd-logind: got fd for /dev/input/event5 13:69 fd 31 paused 0
[   941.882] (**) HS ZUOYA GMK70 Keyboard: always reports core events
[   941.882] (**) Option "Device" "/dev/input/event5"
[   941.885] (II) event5  - HS ZUOYA GMK70 Keyboard: is tagged by udev as: Keyboard
[   941.886] (II) event5  - HS ZUOYA GMK70 Keyboard: device is a keyboard
[   941.886] (II) event5  - HS ZUOYA GMK70 Keyboard: device removed
[   941.886] (II) libinput: HS ZUOYA GMK70 Keyboard: needs a virtual subdevice
[   941.886] (**) Option "config_info" "udev:/sys/devices/pci0000:00/0000:00:14.0/usb1/1-4/1-4.2/1-4.2:1.3/0003:342D:E491.0004/input/input5/event5"
[   941.886] (II) XINPUT: Adding extended input device "HS ZUOYA GMK70 Keyboard" (type: MOUSE, id 11)
[   941.886] (**) Option "AccelerationScheme" "none"
[   941.886] (**) HS ZUOYA GMK70 Keyboard: (accel) selected scheme none/0
[   941.886] (**) HS ZUOYA GMK70 Keyboard: (accel) acceleration factor: 2.000
[   941.886] (**) HS ZUOYA GMK70 Keyboard: (accel) acceleration threshold: 4
[   941.889] (II) event5  - HS ZUOYA GMK70 Keyboard: is tagged by udev as: Keyboard
[   941.889] (II) event5  - HS ZUOYA GMK70 Keyboard: device is a keyboard
[   941.890] (II) config/udev: Adding input device Logitech Wireless Receiver Mouse (/dev/input/event6)
[   941.890] (**) Logitech Wireless Receiver Mouse: Applying InputClass "libinput pointer catchall"
[   941.890] (II) Using input driver 'libinput' for 'Logitech Wireless Receiver Mouse'
[   941.943] (II) systemd-logind: got fd for /dev/input/event6 13:70 fd 32 paused 0
[   941.943] (**) Logitech Wireless Receiver Mouse: always reports core events
[   941.943] (**) Option "Device" "/dev/input/event6"
[   941.948] (II) event6  - Logitech Wireless Receiver Mouse: is tagged by udev as: Mouse
[   941.948] (II) event6  - Logitech Wireless Receiver Mouse: device is a pointer
[   941.949] (II) event6  - Logitech Wireless Receiver Mouse: device removed
[   941.949] (II) libinput: Logitech Wireless Receiver Mouse: Step value 0 was provided, libinput Fallback acceleration function is used.
[   941.949] (II) libinput: Logitech Wireless Receiver Mouse: Step value 0 was provided, libinput Fallback acceleration function is used.
[   941.949] (II) libinput: Logitech Wireless Receiver Mouse: Step value 0 was provided, libinput Fallback acceleration function is used.
[   941.949] (**) Option "config_info" "udev:/sys/devices/pci0000:00/0000:00:14.0/usb1/1-4/1-4.4/1-4.4:1.0/0003:046D:C542.0006/input/input6/event6"
[   941.949] (II) XINPUT: Adding extended input device "Logitech Wireless Receiver Mouse" (type: MOUSE, id 12)
[   941.949] (**) Option "AccelerationScheme" "none"
[   941.949] (**) Logitech Wireless Receiver Mouse: (accel) selected scheme none/0
[   941.949] (**) Logitech Wireless Receiver Mouse: (accel) acceleration factor: 2.000
[   941.949] (**) Logitech Wireless Receiver Mouse: (accel) acceleration threshold: 4
[   941.953] (II) event6  - Logitech Wireless Receiver Mouse: is tagged by udev as: Mouse
[   941.954] (II) event6  - Logitech Wireless Receiver Mouse: device is a pointer
[   941.956] (II) config/udev: Adding input device Logitech Wireless Receiver Mouse (/dev/input/mouse1)
[   941.956] (II) No input driver specified, ignoring this device.
[   941.956] (II) This device may have been added with another device file.
[   941.958] (II) config/udev: Adding input device HDA Intel PCH Front Mic (/dev/input/event12)
[   941.958] (II) No input driver specified, ignoring this device.
[   941.958] (II) This device may have been added with another device file.
[   941.959] (II) config/udev: Adding input device HDA Intel PCH Rear Mic (/dev/input/event13)
[   941.959] (II) No input driver specified, ignoring this device.
[   941.959] (II) This device may have been added with another device file.
[   941.960] (II) config/udev: Adding input device HDA Intel PCH Line (/dev/input/event14)
[   941.960] (II) No input driver specified, ignoring this device.
[   941.960] (II) This device may have been added with another device file.
[   941.961] (II) config/udev: Adding input device HDA Intel PCH Line Out (/dev/input/event15)
[   941.961] (II) No input driver specified, ignoring this device.
[   941.961] (II) This device may have been added with another device file.
[   941.962] (II) config/udev: Adding input device HDA Intel PCH Front Headphone (/dev/input/event16)
[   941.962] (II) No input driver specified, ignoring this device.
[   941.962] (II) This device may have been added with another device file.
[   941.963] (II) config/udev: Adding input device Eee PC WMI hotkeys (/dev/input/event7)
[   941.963] (**) Eee PC WMI hotkeys: Applying InputClass "libinput keyboard catchall"
[   941.963] (II) Using input driver 'libinput' for 'Eee PC WMI hotkeys'
[   941.965] (II) systemd-logind: got fd for /dev/input/event7 13:71 fd 33 paused 0
[   941.965] (**) Eee PC WMI hotkeys: always reports core events
[   941.965] (**) Option "Device" "/dev/input/event7"
[   941.967] (II) event7  - Eee PC WMI hotkeys: is tagged by udev as: Keyboard
[   941.967] (II) event7  - Eee PC WMI hotkeys: device is a keyboard
[   941.967] (II) event7  - Eee PC WMI hotkeys: device removed
[   941.967] (**) Option "config_info" "udev:/sys/devices/platform/eeepc-wmi/input/input7/event7"
[   941.967] (II) XINPUT: Adding extended input device "Eee PC WMI hotkeys" (type: KEYBOARD, id 13)
[   941.967] (**) Option "xkb_model" "pc105"
[   941.967] (**) Option "xkb_layout" "us"
[   941.970] (II) event7  - Eee PC WMI hotkeys: is tagged by udev as: Keyboard
[   941.970] (II) event7  - Eee PC WMI hotkeys: device is a keyboard
[   941.984] (**) HS ZUOYA GMK70 Keyboard: Applying InputClass "libinput keyboard catchall"
[   941.984] (II) Using input driver 'libinput' for 'HS ZUOYA GMK70 Keyboard'
[   941.984] (II) systemd-logind: returning pre-existing fd for /dev/input/event5 13:69
[   941.984] (**) HS ZUOYA GMK70 Keyboard: always reports core events
[   941.984] (**) Option "Device" "/dev/input/event5"
[   941.984] (II) libinput: HS ZUOYA GMK70 Keyboard: is a virtual subdevice
[   941.984] (**) Option "config_info" "udev:/sys/devices/pci0000:00/0000:00:14.0/usb1/1-4/1-4.2/1-4.2:1.3/0003:342D:E491.0004/input/input5/event5"
[   941.984] (II) XINPUT: Adding extended input device "HS ZUOYA GMK70 Keyboard" (type: KEYBOARD, id 14)
[   941.984] (**) Option "xkb_model" "pc105"
[   941.984] (**) Option "xkb_layout" "us"
[   942.080] (II) modeset(0): Disabling kernel dirty updates, not required.
